1620402473785	geckodriver	INFO	Listening on 127.0.0.1:10634
1620402476801	mozrunner::runner	INFO	Running command: "C:\\Program Files\\Mozilla Firefox\\firefox.exe" "--marionette" "-foreground" "-no-remote" "-profile" "C:\\Users\\lenovo\\AppData\\Local\\Temp\\rust_mozprofilez3j84x"
1620402477329	Marionette	INFO	Marionette enabled
console.warn: SearchSettings: "get: No settings file exists, new profile?" (new Error("", "(unknown module)"))
1620402480151	Marionette	INFO	Listening on port 10644
1620402480537	Marionette	WARN	TLS certificate errors will be ignored for this session
1620402481528	Marionette	INFO	Stopped listening on port 10644
JavaScript error: , line 0: AbortError: A request was aborted, for example through a call to IDBTransaction.abort.

###!!! [Child][RunMessage] Error: Channel closing: too late to send/recv, messages will be lost

1620402547226	geckodriver	INFO	Listening on 127.0.0.1:10753
1620402550286	mozrunner::runner	INFO	Running command: "C:\\Program Files\\Mozilla Firefox\\firefox.exe" "--marionette" "-foreground" "-no-remote" "-profile" "C:\\Users\\lenovo\\AppData\\Local\\Temp\\rust_mozprofileHhZbrq"
1620402550723	Marionette	INFO	Marionette enabled
console.warn: SearchSettings: "get: No settings file exists, new profile?" (new Error("", "(unknown module)"))
1620402553396	Marionette	INFO	Listening on port 10766
1620402553505	Marionette	WARN	TLS certificate errors will be ignored for this session
1620402554432	Marionette	INFO	Stopped listening on port 10766
console.error: services.settings: 
  main/message-groups Signature failed  TypeError: NetworkError when attempting to fetch resource.

###!!! [Child][RunMessage] Error: Channel closing: too late to send/recv, messages will be lost

1620402570562	geckodriver	INFO	Listening on 127.0.0.1:10820
1620402573625	mozrunner::runner	INFO	Running command: "C:\\Program Files\\Mozilla Firefox\\firefox.exe" "--marionette" "-foreground" "-no-remote" "-profile" "C:\\Users\\lenovo\\AppData\\Local\\Temp\\rust_mozprofileiLkn0x"
1620402574093	Marionette	INFO	Marionette enabled
console.warn: SearchSettings: "get: No settings file exists, new profile?" (new Error("", "(unknown module)"))
1620402577265	Marionette	INFO	Listening on port 10830
1620402577329	Marionette	WARN	TLS certificate errors will be ignored for this session
1620402584319	Marionette	INFO	Stopped listening on port 10830
0402580415	mozrunner::runner	INFO	Running command: "C:\\Program Files\\Mozilla Firefox\\firefox.exe" "--marionette" "-foreground" "-no-remote" "-profile" "C:\\Users\\lenovo\\AppData\\Local\\Temp\\rust_mozprofileZi42zr"
1620402580923	Marionette	INFO	Marionette enabled
console.warn: SearchSettings: "get: No settings file exists, new profile?" (new Error("", "(unknown module)"))
1620402583409	Marionette	INFO	Listening on port 10881
1620402583633	Marionette	WARN	TLS certificate errors will be ignored for this session
1620402585699	Marionette	INFO	Stopped listening on port 10881

###!!! [Child][RunMessage] Error: Channel closing: too late to send/recv, messages will be lost

1620402894296	geckodriver	INFO	Listening on 127.0.0.1:11359
1620402897342	mozrunner::runner	INFO	Running command: "C:\\Program Files\\Mozilla Firefox\\firefox.exe" "--marionette" "-foreground" "-no-remote" "-profile" "C:\\Users\\lenovo\\AppData\\Local\\Temp\\rust_mozprofilewJ2AiS"
1620402897939	Marionette	INFO	Marionette enabled
console.warn: SearchSettings: "get: No settings file exists, new profile?" (new Error("", "(unknown module)"))
1620402900864	Marionette	INFO	Listening on port 11369
1620402901052	Marionette	WARN	TLS certificate errors will be ignored for this session
1620402902131	Marionette	INFO	Stopped listening on port 11369
console.error: services.settings: 
  main/cfr-fxa Signature failed  TypeError: NetworkError when attempting to fetch resource.

###!!! [Child][RunMessage] Error: Channel closing: too late to send/recv, messages will be lost

1620404150109	geckodriver	INFO	Listening on 127.0.0.1:12614
1620404153167	mozrunner::runner	INFO	Running command: "C:\\Program Files\\Mozilla Firefox\\firefox.exe" "--marionette" "-foreground" "-no-remote" "-profile" "C:\\Users\\lenovo\\AppData\\Local\\Temp\\rust_mozprofile5kcVD3"
1620404153633	Marionette	INFO	Marionette enabled
console.warn: SearchSettings: "get: No settings file exists, new profile?" (new Error("", "(unknown module)"))
1620404156222	Marionette	INFO	Listening on port 12625
1620404156379	Marionette	WARN	TLS certificate errors will be ignored for this session
1620404165169	Marionette	INFO	Stopped listening on port 12625

###!!! [Child][RunMessage] Error: Channel closing: too late to send/recv, messages will be lost

"--marionette" "-foreground" "-no-remote" "-profile" "C:\\Users\\lenovo\\AppData\\Local\\Temp\\rust_mozprofile87NJEy"
1620404159900	Marionette	INFO	Marionette enabled
console.warn: SearchSettings: "get: No settings file exists, new profile?" (new Error("", "(unknown module)"))
1620404163149	Marionette	INFO	Listening on port 12671
1620404163184	Marionette	WARN	TLS certificate errors will be ignored for this session
1620404166215	Marionette	INFO	Stopped listening on port 12671
console.error: services.settings: 
  main/whats-new-panel Signature failed  TypeError: NetworkError when attempting to fetch resource.

###!!! [Child][RunMessage] Error: Channel closing: too late to send/recv, messages will be lost

1620404174068	geckodriver	INFO	Listening on 127.0.0.1:12726
1620404177150	mozrunner::runner	INFO	Running command: "C:\\Program Files\\Mozilla Firefox\\firefox.exe" "--marionette" "-foreground" "-no-remote" "-profile" "C:\\Users\\lenovo\\AppData\\Local\\Temp\\rust_mozprofileR6HVqZ"
1620404177705	Marionette	INFO	Marionette enabled
console.warn: SearchSettings: "get: No settings file exists, new profile?" (new Error("", "(unknown module)"))
1620404180047	Marionette	INFO	Listening on port 12736
1620404180362	Marionette	WARN	TLS certificate errors will be ignored for this session
1620404181381	Marionette	INFO	Stopped listening on port 12736
console.error: services.settings: 
  main/cfr-fxa Signature failed  TypeError: NetworkError when attempting to fetch resource.

###!!! [Child][RunMessage] Error: Channel closing: too late to send/recv, messages will be lost

1620404277592	geckodriver	INFO	Listening on 127.0.0.1:12874
1620404280670	mozrunner::runner	INFO	Running command: "C:\\Program Files\\Mozilla Firefox\\firefox.exe" "--marionette" "-foreground" "-no-remote" "-profile" "C:\\Users\\lenovo\\AppData\\Local\\Temp\\rust_mozprofileP9NVHo"
1620404281066	Marionette	INFO	Marionette enabled
console.warn: SearchSettings: "get: No settings file exists, new profile?" (new Error("", "(unknown module)"))
1620404283825	Marionette	INFO	Listening on port 12885
1620404283924	Marionette	WARN	TLS certificate errors will be ignored for this session
1620404291285	Marionette	INFO	Stopped listening on port 12885

###!!! [Child][RunMessage] Error: Channel closing: too late to send/recv, messages will be lost

"--marionette" "-foreground" "-no-remote" "-profile" "C:\\Users\\lenovo\\AppData\\Local\\Temp\\rust_mozprofileuK3sqF"
1620404287447	Marionette	INFO	Marionette enabled
console.warn: SearchSettings: "get: No settings file exists, new profile?" (new Error("", "(unknown module)"))
1620404290391	Marionette	INFO	Listening on port 12926
1620404290735	Marionette	WARN	TLS certificate errors will be ignored for this session
1620404291994	Marionette	INFO	Stopped listening on port 12926
[Parent 12452, IPC I/O Parent] WARNING: file /builds/worker/checkouts/gecko/ipc/chromium/src/base/process_util_win.cc:167
[Parent 12452, IPC I/O Parent] WARNING: file /builds/worker/checkouts/gecko/ipc/chromium/src/base/process_util_win.cc:167

###!!! [Child][RunMessage] Error: Channel closing: too late to send/recv, messages will be lost

1620404352477	geckodriver	INFO	Listening on 127.0.0.1:13026
1620404355553	mozrunner::runner	INFO	Running command: "C:\\Program Files\\Mozilla Firefox\\firefox.exe" "--marionette" "-foreground" "-no-remote" "-profile" "C:\\Users\\lenovo\\AppData\\Local\\Temp\\rust_mozprofile5I8BaO"
1620404356014	Marionette	INFO	Marionette enabled
console.warn: SearchSettings: "get: No settings file exists, new profile?" (new Error("", "(unknown module)"))
1620404358853	Marionette	INFO	Listening on port 13038
1620404359278	Marionette	WARN	TLS certificate errors will be ignored for this session
1620404376422	Marionette	INFO	Stopped listening on port 13038

###!!! [Child][RunMessage] Error: Channel closing: too late to send/recv, messages will be lost

1620439589739	geckodriver	INFO	Listening on 127.0.0.1:8941
1620439592578	mozrunner::runner	INFO	Running command: "C:\\Program Files\\Mozilla Firefox\\firefox.exe" "--marionette" "-foreground" "-no-remote" "-profile" "C:\\Users\\lenovo\\AppData\\Local\\Temp\\rust_mozprofileIVfF0b"
1620439593349	Marionette	INFO	Marionette enabled
console.warn: SearchSettings: "get: No settings file exists, new profile?" (new Error("", "(unknown module)"))
1620439595488	Marionette	INFO	Listening on port 8951
1620439596070	Marionette	WARN	TLS certificate errors will be ignored for this session
JavaScript error: http://www.zhejiangmuseum.com/js/3.3e33714a.chunk.js, line 2: Error: Request aborted
JavaScript error: http://www.zhejiangmuseum.com/js/3.3e33714a.chunk.js, line 2: Error: Request aborted
JavaScript error: http://www.zhejiangmuseum.com/js/3.3e33714a.chunk.js, line 2: Error: Request aborted
JavaScript error: http://www.zhejiangmuseum.com/js/3.3e33714a.chunk.js, line 2: Error: Request aborted
JavaScript error: http://www.zhejiangmuseum.com/js/3.3e33714a.chunk.js, line 2: Error: Request aborted
JavaScript error: http://www.zhejiangmuseum.com/js/3.3e33714a.ch1620439672748	Marionette	INFO	Stopped listening on port 9004
://www.zhejiangmuseum.com/js/3.3e33714a.chunk.js, line 2: Error: Request aborted
JavaScript error: http://www.zhejiangmuseum.com/js/3.3e33714a.chunk.js, line 2: Error: Request aborted
1620439674322	Marionette	INFO	Stopped listening on port 8951

###!!! [Child][RunMessage] Error: Channel closing: too late to send/recv, messages will be lost

1620439785018	geckodriver	INFO	Listening on 127.0.0.1:9471
1620439788071	mozrunner::runner	INFO	Running command: "C:\\Program Files\\Mozilla Firefox\\firefox.exe" "--marionette" "-foreground" "-no-remote" "-profile" "C:\\Users\\lenovo\\AppData\\Local\\Temp\\rust_mozprofileNrtFxb"
1620439788453	Marionette	INFO	Marionette enabled
console.warn: SearchSettings: "get: No settings file exists, new profile?" (new Error("", "(unknown module)"))
1620439790085	Marionette	INFO	Listening on port 9482
1620439790122	Marionette	WARN	TLS certificate errors will be ignored for this session
1620439826656	Marionette	INFO	Stopped listening on port 9482

###!!! [Child][RunMessage] Error: Channel closing: too late to send/recv, messages will be lost

"--marionette" "-foreground" "-no-remote" "-profile" "C:\\Users\\lenovo\\AppData\\Local\\Temp\\rust_mozprofilenEJrHd"
1620439793568	Marionette	INFO	Marionette enabled
console.warn: SearchSettings: "get: No settings file exists, new profile?" (new Error("", "(unknown module)"))
1620439795407	Marionette	INFO	Listening on port 9526
1620439795907	Marionette	WARN	TLS certificate errors will be ignored for this session
1620439827293	Marionette	INFO	Stopped listening on port 9526

###!!! [Child][RunMessage] Error: Channel closing: too late to send/recv, messages will be lost

1620439887162	geckodriver	INFO	Listening on 127.0.0.1:9690
1620439890217	mozrunner::runner	INFO	Running command: "C:\\Program Files\\Mozilla Firefox\\firefox.exe" "--marionette" "-foreground" "-no-remote" "-profile" "C:\\Users\\lenovo\\AppData\\Local\\Temp\\rust_mozprofilequkunu"
1620439890542	Marionette	INFO	Marionette enabled
console.warn: SearchSettings: "get: No settings file exists, new profile?" (new Error("", "(unknown module)"))
1620439892285	Marionette	INFO	Listening on port 9700
1620439892403	Marionette	WARN	TLS certificate errors will be ignored for this session
1620439898783	Marionette	INFO	Stopped listening on port 9700

###!!! [Child][RunMessage] Error: Channel closing: too late to send/recv, messages will be lost

"--marionette" "-foreground" "-no-remote" "-profile" "C:\\Users\\lenovo\\AppData\\Local\\Temp\\rust_mozprofilepF5ZAN"
1620439895836	Marionette	INFO	Marionette enabled
console.warn: SearchSettings: "get: No settings file exists, new profile?" (new Error("", "(unknown module)"))
1620439897673	Marionette	INFO	Listening on port 9754
1620439897693	Marionette	WARN	TLS certificate errors will be ignored for this session
1620439899288	Marionette	INFO	Stopped listening on port 9754

###!!! [Child][RunMessage] Error: Channel closing: too late to send/recv, messages will be lost

1620439971203	geckodriver	INFO	Listening on 127.0.0.1:9897
1620439974268	mozrunner::runner	INFO	Running command: "C:\\Program Files\\Mozilla Firefox\\firefox.exe" "--marionette" "-foreground" "-no-remote" "-profile" "C:\\Users\\lenovo\\AppData\\Local\\Temp\\rust_mozprofilesSUPcN"
1620439974586	Marionette	INFO	Marionette enabled
console.warn: SearchSettings: "get: No settings file exists, new profile?" (new Error("", "(unknown module)"))
1620439976217	Marionette	INFO	Listening on port 9909
1620439976310	Marionette	WARN	TLS certificate errors will be ignored for this session
1620440046846	Marionette	INFO	Stopped listening on port 9909

###!!! [Child][RunMessage] Error: Channel closing: too late to send/recv, messages will be lost

"--marionette" "-foreground" "-no-remote" "-profile" "C:\\Users\\lenovo\\AppData\\Local\\Temp\\rust_mozprofileYGuMGX"
1620439979743	Marionette	INFO	Marionette enabled
console.warn: SearchSettings: "get: No settings file exists, new profile?" (new Error("", "(unknown module)"))
1620439981496	Marionette	INFO	Listening on port 9956
1620439981564	Marionette	WARN	TLS certificate errors will be ignored for this session
1620440042115	Marionette	INFO	Stopped listening on port 9956

###!!! [Child][RunMessage] Error: Channel closing: too late to send/recv, messages will be lost

1620648290635	geckodriver	INFO	Listening on 127.0.0.1:14123
1620648293384	mozrunner::runner	INFO	Running command: "C:\\Program Files\\Mozilla Firefox\\firefox.exe" "--marionette" "-foreground" "-no-remote" "-profile" "C:\\Users\\lenovo\\AppData\\Local\\Temp\\rust_mozprofileA2MzPz"
1620648328446	geckodriver	INFO	Listening on 127.0.0.1:14206
1620648331434	mozrunner::runner	INFO	Running command: "C:\\Program Files\\Mozilla Firefox\\firefox.exe" "--marionette" "-foreground" "-no-remote" "-profile" "C:\\Users\\lenovo\\AppData\\Local\\Temp\\rust_mozprofileeS4qFe"
1620648331800	Marionette	INFO	Marionette enabled
console.warn: SearchSettings: "get: No settings file exists, new profile?" (new Error("", "(unknown module)"))
1620648333590	Marionette	INFO	Listening on port 14219
1620648334136	Marionette	WARN	TLS certificate errors will be ignored for this session
JavaScript warning: http://api.map.baidu.com/getscript?v=1.1&ak=&services=true&t=20130716024058, line 1: unreachable code after return statement
JavaScript error: http://www.sxgm.org/home/picnews/index/c_id/105/lanmu/61.html, line 260: ReferenceError: Swiper is not defined
JavaScript error: http://www.sxgm.org/home/picnews/index/c_id/105/lanmu/61.html, line 281: ReferenceError: dem5 is not defined
JavaScript warning: http://api.map.baidu.com/getscript?v=1.1&ak=&services=true&t=20130716024058, line 1: unreachable code after return statement
JavaScript error: http://www.sxgm.or1620648420770	Marionette	INFO	Stopped listening on port 14262

###!!! [Child][RunMessage] Error: Channel closing: too late to send/recv, messages will be lost

u/61.html, line 281: ReferenceError: dem5 is not defined
JavaScript warning: http://api.map.baidu.com/getscript?v=1.1&ak=&services=true&t=20130716024058, line 1: unreachable code after return statement
JavaScript error: http://www.sxgm.org/home/picnews/index/c_id/107/lanmu/61.html, line 260: ReferenceError: Swiper is not defined
JavaScript error: http://www.sxgm.org/home/picnews/index/c_id/107/lanmu/61.html, line 281: ReferenceError: dem5 is not defined
JavaScript warning: http://api.map.baidu.com/getscript?v=1.1&ak=&services=true&t=20130716024058, line 1: unreachable code after return statement
JavaScript error: http://www.sxgm.org/home/picnews/index/c_id/107/lanmu/61.html, line 260: ReferenceError: Swiper is not defined
JavaScript error: http://www.sxgm.org/home/picnews/index/c_id/107/lanmu/61.html, line 281: ReferenceError: dem5 is not defined
JavaScript warning: http://api.map.baidu.com/getscript?v=1.1&ak=&services=true&t=20130716024058, line 1: unreachable code after return statement
JavaScript error: http://www.sxgm.org/home/picnews/index/c_id/108/lanmu/61.html, line 260: ReferenceError: Swiper is not defined
JavaScript error: http://www.sxgm.org/home/picnews/index/c_id/108/lanmu/61.html, line 281: ReferenceError: dem5 is not defined
JavaScript warning: http://api.map.baidu.com/getscript?v=1.1&ak=&services=true&t=20130716024058, line 1: unreachable code after return statement
JavaScript error: http://www.sxgm.org/home/picnews/index/c_id/108/lanmu/61.html, line 260: ReferenceError: Swiper is not defined
JavaScript error: http://www.sxgm.org/home/picnews/index/c_id/108/lanmu/61.html, line 281: ReferenceError: dem5 is not defined
JavaScript warning: http://api.map.baidu.com/getscript?v=1.1&ak=&services=true&t=20130716024058, line 1: unreachable code after return statement
JavaScript error: http://www.sxgm.org/home/picnews/index/c_id/104/lanmu/61.html, line 287: ReferenceError: Swiper is not defined
JavaScript error: http://www.sxgm.org/home/picnews/index/c_id/104/lanmu/61.html, line 308: ReferenceError: dem5 is not defined
JavaScript warning: http://api.map.baidu.com/getscript?v=1.1&ak=&services=true&t=20130716024058, line 1: unreachable code after return statement
JavaScript error: http://www.sxgm.org/home/picnews/index/c_id/104/lanmu/61.html, line 287: ReferenceError: Swiper is not defined
JavaScript error: http://www.sxgm.org/home/picnews/index/c_id/104/lanmu/61.html, line 308: ReferenceError: dem5 is not defined
JavaScript warning: http://api.map.baidu.com/getscript?v=1.1&ak=&services=true&t=20130716024058, line 1: unreachable code after return statement
JavaScript error: http://www.sxgm.org/home/picnews/index/c_id/106/lanmu/61.html, line 494: ReferenceError: Swiper is not defined
JavaScript error: http://www.sxgm.org/home/picnews/index/c_id/106/lanmu/61.html, line 515: ReferenceError: dem5 is not defined
JavaScript warning: http://api.map.baidu.com/getscript?v=1.1&ak=&services=true&t=20130716024058, line 1: unreachable code after return statement
JavaScript error: http://www.sxgm.org/home/picnews/index/c_id/106/lanmu/61.html, line 494: ReferenceError: Swiper is not defined
JavaScript error: http://www.sxgm.org/home/picnews/index/c_id/106/lanmu/61.html, line 515: ReferenceError: dem5 is not defined
1620648420056	Marionette	INFO	Stopped listening on port 14219

###!!! [Child][RunMessage] Error: Channel closing: too late to send/recv, messages will be lost

1620648516604	geckodriver	INFO	Listening on 127.0.0.1:14685
1620648519652	mozrunner::runner	INFO	Running command: "C:\\Program Files\\Mozilla Firefox\\firefox.exe" "--marionette" "-foreground" "-no-remote" "-profile" "C:\\Users\\lenovo\\AppData\\Local\\Temp\\rust_mozprofiletaQyTM"
1620648520062	Marionette	INFO	Marionette enabled
console.warn: SearchSettings: "get: No settings file exists, new profile?" (new Error("", "(unknown module)"))
1620648521824	Marionette	INFO	Listening on port 14697
1620648522314	Marionette	WARN	TLS certificate errors will be ignored for this session
JavaScript warning: http://api.map.baidu.com/getscript?v=1.1&ak=&services=true&t=20130716024058, line 1: unreachable code after return statement
JavaScript error: http://www.sxgm.org/home/picnews/index/c_id/107/lanmu/61.html, line 260: ReferenceError: Swiper is not defined
JavaScript error: http://www.sxgm.org/home/picnews/index/c_id/107/lanmu/61.html, line 281: ReferenceError: dem5 is not defined
JavaScript warning: http://api.map.baidu.com/getscript?v=1.1&ak=&services=true&t=20130716024058, line 1: unreachable code after return statement
JavaScript error: http://www.sxgm.or1620648599433	Marionette	INFO	Stopped listening on port 14741

###!!! [Child][RunMessage] Error: Channel closing: too late to send/recv, messages will be lost

u/61.html, line 281: ReferenceError: dem5 is not defined
JavaScript warning: http://api.map.baidu.com/getscript?v=1.1&ak=&services=true&t=20130716024058, line 1: unreachable code after return statement
JavaScript error: http://www.sxgm.org/home/picnews/index/c_id/105/lanmu/61.html, line 260: ReferenceError: Swiper is not defined
JavaScript error: http://www.sxgm.org/home/picnews/index/c_id/105/lanmu/61.html, line 281: ReferenceError: dem5 is not defined
JavaScript error: resource:///actors/ContentMetaChild.jsm, line 179: InvalidStateError: JSWindowActorChild.sendAsyncMessage: JSWindowActorChild cannot send at the moment
JavaScript warning: http://api.map.baidu.com/getscript?v=1.1&ak=&services=true&t=20130716024058, line 1: unreachable code after return statement
JavaScript error: http://www.sxgm.org/home/picnews/index/c_id/105/lanmu/61.html, line 260: ReferenceError: Swiper is not defined
JavaScript error: http://www.sxgm.org/home/picnews/index/c_id/105/lanmu/61.html, line 281: ReferenceError: dem5 is not defined
JavaScript warning: http://api.map.baidu.com/getscript?v=1.1&ak=&services=true&t=20130716024058, line 1: unreachable code after return statement
JavaScript error: http://www.sxgm.org/home/picnews/index/c_id/104/lanmu/61.html, line 287: ReferenceError: Swiper is not defined
JavaScript error: http://www.sxgm.org/home/picnews/index/c_id/104/lanmu/61.html, line 308: ReferenceError: dem5 is not defined
JavaScript warning: http://api.map.baidu.com/getscript?v=1.1&ak=&services=true&t=20130716024058, line 1: unreachable code after return statement
JavaScript error: http://www.sxgm.org/home/picnews/index/c_id/104/lanmu/61.html, line 287: ReferenceError: Swiper is not defined
JavaScript error: http://www.sxgm.org/home/picnews/index/c_id/104/lanmu/61.html, line 308: ReferenceError: dem5 is not defined
JavaScript warning: http://api.map.baidu.com/getscript?v=1.1&ak=&services=true&t=20130716024058, line 1: unreachable code after return statement
JavaScript error: http://www.sxgm.org/home/picnews/index/c_id/108/lanmu/61.html, line 260: ReferenceError: Swiper is not defined
JavaScript error: http://www.sxgm.org/home/picnews/index/c_id/108/lanmu/61.html, line 281: ReferenceError: dem5 is not defined
JavaScript warning: http://api.map.baidu.com/getscript?v=1.1&ak=&services=true&t=20130716024058, line 1: unreachable code after return statement
JavaScript error: http://www.sxgm.org/home/picnews/index/c_id/108/lanmu/61.html, line 260: ReferenceError: Swiper is not defined
JavaScript error: http://www.sxgm.org/home/picnews/index/c_id/108/lanmu/61.html, line 281: ReferenceError: dem5 is not defined
JavaScript warning: http://api.map.baidu.com/getscript?v=1.1&ak=&services=true&t=20130716024058, line 1: unreachable code after return statement
JavaScript error: http://www.sxgm.org/home/picnews/index/c_id/106/lanmu/61.html, line 494: ReferenceError: Swiper is not defined
JavaScript error: http://www.sxgm.org/home/picnews/index/c_id/106/lanmu/61.html, line 515: ReferenceError: dem5 is not defined
JavaScript warning: http://api.map.baidu.com/getscript?v=1.1&ak=&services=true&t=20130716024058, line 1: unreachable code after return statement
JavaScript error: http://www.sxgm.org/home/picnews/index/c_id/106/lanmu/61.html, line 494: ReferenceError: Swiper is not defined
JavaScript error: http://www.sxgm.org/home/picnews/index/c_id/106/lanmu/61.html, line 515: ReferenceError: dem5 is not defined
1620648598797	Marionette	INFO	Stopped listening on port 14697
1620648607967	geckodriver	INFO	Listening on 127.0.0.1:14996
1620648611014	mozrunner::runner	INFO	Running command: "C:\\Program Files\\Mozilla Firefox\\firefox.exe" "--marionette" "-foreground" "-no-remote" "-profile" "C:\\Users\\lenovo\\AppData\\Local\\Temp\\rust_mozprofileN09CeS"
1620648611379	Marionette	INFO	Marionette enabled
console.warn: SearchSettings: "get: No settings file exists, new profile?" (new Error("", "(unknown module)"))
1620648613129	Marionette	INFO	Listening on port 1034
1620648613167	Marionette	WARN	TLS certificate errors will be ignored for this session
JavaScript warning: http://api.map.baidu.com/getscript?v=1.1&ak=&services=true&t=20130716024058, line 1: unreachable code after return statement
JavaScript error: http://www.sxgm.org/home/picnews/index/c_id/108/lanmu/61.html, line 260: ReferenceError: Swiper is not defined
JavaScript error: http://www.sxgm.org/home/picnews/index/c_id/108/lanmu/61.html, line 281: ReferenceError: dem5 is not defined
JavaScript warning: http://api.map.baidu.com/getscript?v=1.1&ak=&services=true&t=20130716024058, line 1: unreachable code after return statement
JavaScript error: http://www.sxgm.^C1620648904148	Marionette	INFO	Stopped listening on port 1072

###!!! [Child][RunMessage] Error: Channel closing: too late to send/recv, messages will be lost

mu/61.html, line 281: ReferenceError: dem5 is not defined
JavaScript warning: http://api.map.baidu.com/getscript?v=1.1&ak=&services=true&t=20130716024058, line 1: unreachable code after return statement
JavaScript error: http://www.sxgm.org/home/picnews/index/c_id/106/lanmu/61.html, line 494: ReferenceError: Swiper is not defined
JavaScript error: http://www.sxgm.org/home/picnews/index/c_id/106/lanmu/61.html, line 515: ReferenceError: dem5 is not defined
JavaScript warning: http://api.map.baidu.com/getscript?v=1.1&ak=&services=true&t=20130716024058, line 1: unreachable code after return statement
JavaScript error: http://www.sxgm.org/home/picnews/index/c_id/106/lanmu/61.html, line 494: ReferenceError: Swiper is not defined
JavaScript error: http://www.sxgm.org/home/picnews/index/c_id/106/lanmu/61.html, line 515: ReferenceError: dem5 is not defined
JavaScript warning: http://api.map.baidu.com/getscript?v=1.1&ak=&services=true&t=20130716024058, line 1: unreachable code after return statement
JavaScript error: http://www.sxgm.org/home/picnews/index/c_id/104/lanmu/61.html, line 287: ReferenceError: Swiper is not defined
JavaScript error: http://www.sxgm.org/home/picnews/index/c_id/104/lanmu/61.html, line 308: ReferenceError: dem5 is not defined
JavaScript warning: http://api.map.baidu.com/getscript?v=1.1&ak=&services=true&t=20130716024058, line 1: unreachable code after return statement
JavaScript error: http://www.sxgm.org/home/picnews/index/c_id/104/lanmu/61.html, line 287: ReferenceError: Swiper is not defined
JavaScript error: http://www.sxgm.org/home/picnews/index/c_id/104/lanmu/61.html, line 308: ReferenceError: dem5 is not defined
JavaScript warning: http://api.map.baidu.com/getscript?v=1.1&ak=&services=true&t=20130716024058, line 1: unreachable code after return statement
JavaScript error: http://www.sxgm.org/home/picnews/index/c_id/107/lanmu/61.html, line 260: ReferenceError: Swiper is not defined
JavaScript error: http://www.sxgm.org/home/picnews/index/c_id/107/lanmu/61.html, line 281: ReferenceError: dem5 is not defined
JavaScript warning: http://api.map.baidu.com/getscript?v=1.1&ak=&services=true&t=20130716024058, line 1: unreachable code after return statement
JavaScript error: http://www.sxgm.org/home/picnews/index/c_id/107/lanmu/61.html, line 260: ReferenceError: Swiper is not defined
JavaScript error: http://www.sxgm.org/home/picnews/index/c_id/107/lanmu/61.html, line 281: ReferenceError: dem5 is not defined
JavaScript warning: http://api.map.baidu.com/getscript?v=1.1&ak=&services=true&t=20130716024058, line 1: unreachable code after return statement
JavaScript error: http://www.sxgm.org/home/picnews/index/c_id/105/lanmu/61.html, line 260: ReferenceError: Swiper is not defined
JavaScript error: http://www.sxgm.org/home/picnews/index/c_id/105/lanmu/61.html, line 281: ReferenceError: dem5 is not defined
JavaScript warning: http://api.map.baidu.com/getscript?v=1.1&ak=&services=true&t=20130716024058, line 1: unreachable code after return statement
JavaScript error: http://www.sxgm.org/home/picnews/index/c_id/105/lanmu/61.html, line 260: ReferenceError: Swiper is not defined
JavaScript error: http://www.sxgm.org/home/picnews/index/c_id/105/lanmu/61.html, line 281: ReferenceError: dem5 is not defined
^CJavaScript warning: http://api.map.baidu.com/getscript?v=1.1&ak=&services=true&t=20130716024058, line 1: unreachable code after return statement
JavaScript error: http://www.sxgm.org/home/picnews/index/c_id/105/lanmu/61.html, line 260: ReferenceError: Swiper is not defined
JavaScript error: http://www.sxgm.org/home/picnews/index/c_id/105/lanmu/61.html, line 281: ReferenceError: dem5 is not defined
JavaScript warning: http://api.map.baidu.com/getscript?v=1.1&ak=&services=true&t=20130716024058, line 1: unreachable code after return statement
JavaScript error: http://www.sxgm.org/home/picnews/index/c_id/106/lanmu/61.html, line 494: ReferenceError: Swiper is not defined
JavaScript error: http://www.sxgm.org/home/picnews/index/c_id/106/lanmu/61.html, line 515: ReferenceError: dem5 is not defined
1620649351109	Marionette	INFO	Stopped listening on port 1034
0649337004	mozrunner::runner	INFO	Running command: "C:\\Program Files\\Mozilla Firefox\\firefox.exe" "--marionette" "-foreground" "-no-remote" "-profile" "C:\\Users\\lenovo\\AppData\\Local\\Temp\\rust_mozprofilecU1c2r"
1620649337365	Marionette	INFO	Marionette enabled
console.warn: SearchSettings: "get: No settings file exists, new profile?" (new Error("", "(unknown module)"))
1620649339315	Marionette	INFO	Listening on port 2512
1620649339684	Marionette	WARN	TLS certificate errors will be ignored for this session
1620649348166	Marionette	INFO	Stopped listening on port 2512

###!!! [Child][RunMessage] Error: Channel closing: too late to send/recv, messages will be lost

"--marionette" "-foreground" "-no-remote" "-profile" "C:\\Users\\lenovo\\AppData\\Local\\Temp\\rust_mozprofilewhEjBG"
1620649343244	Marionette	INFO	Marionette enabled
console.warn: SearchSettings: "get: No settings file exists, new profile?" (new Error("", "(unknown module)"))
1620649345465	Marionette	INFO	Listening on port 2560
1620649345499	Marionette	WARN	TLS certificate errors will be ignored for this session
1620649348829	Marionette	INFO	Stopped listening on port 2560
1620649370804	geckodriver	INFO	Listening on 127.0.0.1:2644
1620649373886	mozrunner::runner	INFO	Running command: "C:\\Program Files\\Mozilla Firefox\\firefox.exe" "--marionette" "-foreground" "-no-remote" "-profile" "C:\\Users\\lenovo\\AppData\\Local\\Temp\\rust_mozprofileoFeq7t"
1620649374274	Marionette	INFO	Marionette enabled
console.warn: SearchSettings: "get: No settings file exists, new profile?" (new Error("", "(unknown module)"))
1620649375940	Marionette	INFO	Listening on port 2655
1620649376043	Marionette	WARN	TLS certificate errors will be ignored for this session
JavaScript warning: http://api.map.baidu.com/getscript?v=1.1&ak=&services=true&t=20130716024058, line 1: unreachable code after return statement
JavaScript error: http://www.sxgm.org/home/picnews/index/c_id/105/lanmu/61.html, line 260: ReferenceError: Swiper is not defined
JavaScript error: http://www.sxgm.org/home/picnews/index/c_id/105/lanmu/61.html, line 281: ReferenceError: dem5 is not defined
JavaScript warning: http://api.map.baidu.com/getscript?v=1.1&ak=&services=true&t=20130716024058, line 1: unreachable code after return statement
JavaScript error: http://www.sxgm.1620649407123	Marionette	INFO	Stopped listening on port 2697
enceError: Swiper is not defined
JavaScript error: http://www.sxgm.org/home/picnews/index/c_id/105/lanmu/61.html, line 281: ReferenceError: dem5 is not defined
JavaScript warning: http://api.map.baidu.com/getscript?v=1.1&ak=&services=true&t=20130716024058, line 1: unreachable code after return statement
JavaScript error: http://www.sxgm.org/home/picnews/index/c_id/104/lanmu/61.html, line 287: ReferenceError: Swiper is not defined
JavaScript error: http://www.sxgm.org/home/picnews/index/c_id/104/lanmu/61.html, line 308: ReferenceError: dem5 is not defined
JavaScript warning: http://api.map.baidu.com/getscript?v=1.1&ak=&services=true&t=20130716024058, line 1: unreachable code after return statement
JavaScript error: http://www.sxgm.org/home/picnews/index/c_id/104/lanmu/61.html, line 287: ReferenceError: Swiper is not defined
JavaScript error: http://www.sxgm.org/home/picnews/index/c_id/104/lanmu/61.html, line 308: ReferenceError: dem5 is not defined
1620649406449	Marionette	INFO	Stopped listening on port 2655

###!!! [Child][RunMessage] Error: Channel closing: too late to send/recv, messages will be lost

1620649441503	geckodriver	INFO	Listening on 127.0.0.1:2883
1620649444536	mozrunner::runner	INFO	Running command: "C:\\Program Files\\Mozilla Firefox\\firefox.exe" "--marionette" "-foreground" "-no-remote" "-profile" "C:\\Users\\lenovo\\AppData\\Local\\Temp\\rust_mozprofileSreQnR"
1620649444891	Marionette	INFO	Marionette enabled
console.warn: SearchSettings: "get: No settings file exists, new profile?" (new Error("", "(unknown module)"))
1620649446832	Marionette	INFO	Listening on port 2895
1620649447196	Marionette	WARN	TLS certificate errors will be ignored for this session
JavaScript warning: http://api.map.baidu.com/getscript?v=1.1&ak=&services=true&t=20130716024058, line 1: unreachable code after return statement
JavaScript error: http://www.sxgm.org/home/picnews/index/c_id/105/lanmu/61.html, line 260: ReferenceError: Swiper is not defined
JavaScript error: http://www.sxgm.org/home/picnews/index/c_id/105/lanmu/61.html, line 281: ReferenceError: dem5 is not defined
JavaScript warning: http://api.map.baidu.com/getscript?v=1.1&ak=&services=true&t=20130716024058, line 1: unreachable code after return statement
JavaScript error: http://www.sxgm.1620649477923	Marionette	INFO	Stopped listening on port 2939

###!!! [Child][RunMessage] Error: Channel closing: too late to send/recv, messages will be lost

anmu/61.html, line 281: ReferenceError: dem5 is not defined
JavaScript warning: http://api.map.baidu.com/getscript?v=1.1&ak=&services=true&t=20130716024058, line 1: unreachable code after return statement
JavaScript error: http://www.sxgm.org/home/picnews/index/c_id/104/lanmu/61.html, line 287: ReferenceError: Swiper is not defined
JavaScript error: http://www.sxgm.org/home/picnews/index/c_id/104/lanmu/61.html, line 308: ReferenceError: dem5 is not defined
JavaScript warning: http://api.map.baidu.com/getscript?v=1.1&ak=&services=true&t=20130716024058, line 1: unreachable code after return statement
JavaScript error: http://www.sxgm.org/home/picnews/index/c_id/104/lanmu/61.html, line 287: ReferenceError: Swiper is not defined
JavaScript error: http://www.sxgm.org/home/picnews/index/c_id/104/lanmu/61.html, line 308: ReferenceError: dem5 is not defined
1620649477240	Marionette	INFO	Stopped listening on port 2895

###!!! [Child][RunMessage] Error: Channel closing: too late to send/recv, messages will be lost

1620649491891	geckodriver	INFO	Listening on 127.0.0.1:3097
1620649494963	mozrunner::runner	INFO	Running command: "C:\\Program Files\\Mozilla Firefox\\firefox.exe" "--marionette" "-foreground" "-no-remote" "-profile" "C:\\Users\\lenovo\\AppData\\Local\\Temp\\rust_mozprofilePu9XcD"
1620649495296	Marionette	INFO	Marionette enabled
console.warn: SearchSettings: "get: No settings file exists, new profile?" (new Error("", "(unknown module)"))
1620649497013	Marionette	INFO	Listening on port 3107
1620649497128	Marionette	WARN	TLS certificate errors will be ignored for this session
JavaScript warning: http://api.map.baidu.com/getscript?v=1.1&ak=&services=true&t=20130716024058, line 1: unreachable code after return statement
JavaScript error: http://www.sxgm.org/home/picnews/index/c_id/105/lanmu/61.html, line 260: ReferenceError: Swiper is not defined
JavaScript error: http://www.sxgm.org/home/picnews/index/c_id/105/lanmu/61.html, line 281: ReferenceError: dem5 is not defined
JavaScript warning: http://api.map.baidu.com/getscript?v=1.1&ak=&services=true&t=20130716024058, line 1: unreachable code after return statement
JavaScript error: http://www.sxgm.1620649570309	Marionette	INFO	Stopped listening on port 3154

###!!! [Child][RunMessage] Error: Channel closing: too late to send/recv, messages will be lost

anmu/61.html, line 281: ReferenceError: dem5 is not defined
JavaScript warning: http://api.map.baidu.com/getscript?v=1.1&ak=&services=true&t=20130716024058, line 1: unreachable code after return statement
JavaScript error: http://www.sxgm.org/home/picnews/index/c_id/104/lanmu/61.html, line 287: ReferenceError: Swiper is not defined
JavaScript error: http://www.sxgm.org/home/picnews/index/c_id/104/lanmu/61.html, line 308: ReferenceError: dem5 is not defined
JavaScript warning: http://api.map.baidu.com/getscript?v=1.1&ak=&services=true&t=20130716024058, line 1: unreachable code after return statement
JavaScript error: http://www.sxgm.org/home/picnews/index/c_id/104/lanmu/61.html, line 287: ReferenceError: Swiper is not defined
JavaScript error: http://www.sxgm.org/home/picnews/index/c_id/104/lanmu/61.html, line 308: ReferenceError: dem5 is not defined
1620649569622	Marionette	INFO	Stopped listening on port 3107

###!!! [Child][RunMessage] Error: Channel closing: too late to send/recv, messages will be lost

1620651930015	geckodriver	INFO	Listening on 127.0.0.1:6638
1620651933063	mozrunner::runner	INFO	Running command: "C:\\Program Files\\Mozilla Firefox\\firefox.exe" "--marionette" "-foreground" "-no-remote" "-profile" "C:\\Users\\lenovo\\AppData\\Local\\Temp\\rust_mozprofilenhzINP"
1620651933789	Marionette	INFO	Marionette enabled
console.warn: SearchSettings: "get: No settings file exists, new profile?" (new Error("", "(unknown module)"))
1620651935963	Marionette	INFO	Listening on port 6650
1620651936241	Marionette	WARN	TLS certificate errors will be ignored for this session
1620651946724	Marionette	INFO	Stopped listening on port 6650

###!!! [Child][RunMessage] Error: Channel closing: too late to send/recv, messages will be lost

"--marionette" "-foreground" "-no-remote" "-profile" "C:\\Users\\lenovo\\AppData\\Local\\Temp\\rust_mozprofilel1Euth"
1620651939791	Marionette	INFO	Marionette enabled
console.warn: SearchSettings: "get: No settings file exists, new profile?" (new Error("", "(unknown module)"))
1620651941715	Marionette	INFO	Listening on port 6699
1620651942046	Marionette	WARN	TLS certificate errors will be ignored for this session
1620651947332	Marionette	INFO	Stopped listening on port 6699

###!!! [Child][RunMessage] Error: Channel closing: too late to send/recv, messages will be lost

1620651969295	geckodriver	INFO	Listening on 127.0.0.1:6777
1620651972358	mozrunner::runner	INFO	Running command: "C:\\Program Files\\Mozilla Firefox\\firefox.exe" "--marionette" "-foreground" "-no-remote" "-profile" "C:\\Users\\lenovo\\AppData\\Local\\Temp\\rust_mozprofile41WUvx"
1620651972704	Marionette	INFO	Marionette enabled
console.warn: SearchSettings: "get: No settings file exists, new profile?" (new Error("", "(unknown module)"))
1620651974477	Marionette	INFO	Listening on port 6790
1620651974507	Marionette	WARN	TLS certificate errors will be ignored for this session
JavaScript warning: http://api.map.baidu.com/getscript?v=1.1&ak=&services=true&t=20130716024058, line 1: unreachable code after return statement
JavaScript error: http://www.sxgm.org/home/picnews/index/c_id/110/lanmu/59.html, line 278: ReferenceError: Swiper is not defined
JavaScript error: http://www.sxgm.org/home/picnews/index/c_id/110/lanmu/59.html, line 299: ReferenceError: dem5 is not defined
JavaScript warning: http://api.map.baidu.com/getscript?v=1.1&ak=&services=true&t=20130716024058, line 1: unreachable code after return statement
JavaScript error: http://www.sxgm.1620652016739	Marionette	INFO	Stopped listening on port 6830
enceError: Swiper is not defined
JavaScript error: http://www.sxgm.org/home/picnews/index/c_id/110/lanmu/59.html, line 299: ReferenceError: dem5 is not defined
1620652015925	Marionette	INFO	Stopped listening on port 6790

###!!! [Child][RunMessage] Error: Channel closing: too late to send/recv, messages will be lost

